<?xml version="1.0" encoding="UTF-8"?>
<!-- Generated by org.testng.reporters.JUnitReportReporter -->
<testsuite hostname="DESKTOP-T7APDC6" failures="0" tests="1" name="com.swiggy.testscripts.TestRunner" time="12.267" errors="0" timestamp="2022-11-29T19:43:19 JST" skipped="0">
  <testcase classname="com.swiggy.testscripts.TestRunner" name="runScenario" time="12.267"/>
  <system-out/>
</testsuite> <!-- com.swiggy.testscripts.TestRunner -->
